2023-02-06T16:36:21.128+0800	DEBUG	rpc/rpc_client.go:286	config-0-a2b9bf3e-d30e-44ca-9dea-0e433443f500 register server push request:ConfigChangeNotifyRequest handler:ConfigChangeNotifyRequestHandler
2023-02-06T16:36:21.129+0800	DEBUG	rpc/rpc_client.go:286	config-0-a2b9bf3e-d30e-44ca-9dea-0e433443f500 register server push request:ConnectResetRequest handler:ConnectResetRequestHandler
2023-02-06T16:36:21.129+0800	DEBUG	rpc/rpc_client.go:286	config-0-a2b9bf3e-d30e-44ca-9dea-0e433443f500 register server push request:ClientDetectionRequest handler:ClientDetectionRequestHandler
2023-02-06T16:36:21.129+0800	INFO	rpc/rpc_client.go:224	[RpcClient.Start] config-0-a2b9bf3e-d30e-44ca-9dea-0e433443f500 try to connect to server on start up, server: {serverIp:confcenter-lab.eeo-inc.com serverPort:443 serverGrpcPort:0}
2023-02-06T16:36:21.129+0800	INFO	util/common.go:96	Local IP:10.254.35.233
2023-02-06T16:36:24.130+0800	WARN	rpc/rpc_client.go:226	[RpcClient.Start] config-0-a2b9bf3e-d30e-44ca-9dea-0e433443f500 fail to connect to server on start up, error message=rpc error: code = DeadlineExceeded desc = context deadline exceeded, start up retry times left=2
2023-02-06T16:36:24.130+0800	INFO	rpc/rpc_client.go:224	[RpcClient.Start] config-0-a2b9bf3e-d30e-44ca-9dea-0e433443f500 try to connect to server on start up, server: {serverIp:confcenter-lab.eeo-inc.com serverPort:443 serverGrpcPort:0}
2023-02-06T16:36:27.131+0800	WARN	rpc/rpc_client.go:226	[RpcClient.Start] config-0-a2b9bf3e-d30e-44ca-9dea-0e433443f500 fail to connect to server on start up, error message=rpc error: code = DeadlineExceeded desc = context deadline exceeded, start up retry times left=1
2023-02-06T16:36:27.132+0800	INFO	rpc/rpc_client.go:224	[RpcClient.Start] config-0-a2b9bf3e-d30e-44ca-9dea-0e433443f500 try to connect to server on start up, server: {serverIp:confcenter-lab.eeo-inc.com serverPort:443 serverGrpcPort:0}
2023-02-06T16:36:30.133+0800	WARN	rpc/rpc_client.go:226	[RpcClient.Start] config-0-a2b9bf3e-d30e-44ca-9dea-0e433443f500 fail to connect to server on start up, error message=rpc error: code = DeadlineExceeded desc = context deadline exceeded, start up retry times left=0
2023-02-06T16:36:30.133+0800	INFO	rpc/rpc_client.go:318	config-0-a2b9bf3e-d30e-44ca-9dea-0e433443f500 try to re connect to a new server, server is not appointed, will choose a random server.
2023-02-06T16:36:30.134+0800	ERROR	rpc/rpc_client.go:516	Send request fail, request=ConfigPublishRequest, body={"requestId":"","group":"test-group","dataId":"test-data","tenant":"df3db74b-5a76-414e-ae13-9e0318cb74af","module":"config","content":"hello world!","casMd5":"","additionMap":{"appName":"","betaIps":"","encryptedDataKey":"","tag":"","type":""}}, retryTimes=0, error=client not connected, current status:STARTING
github.com/nacos-group/nacos-sdk-go/v2/common/remote/rpc.(*RpcClient).Request
	/Users/tianzhiwei/go/pkg/mod/github.com/nacos-group/nacos-sdk-go/v2@v2.1.3/common/remote/rpc/rpc_client.go:483
github.com/nacos-group/nacos-sdk-go/v2/clients/config_client.(*ConfigProxy).requestProxy
	/Users/tianzhiwei/go/pkg/mod/github.com/nacos-group/nacos-sdk-go/v2@v2.1.3/clients/config_client/config_proxy.go:64
github.com/nacos-group/nacos-sdk-go/v2/clients/config_client.(*ConfigClient).PublishConfig
	/Users/tianzhiwei/go/pkg/mod/github.com/nacos-group/nacos-sdk-go/v2@v2.1.3/clients/config_client/config_client.go:250
main.main
	/Users/tianzhiwei/Code/golang/learn-packages/go-nacos/main.go:43
runtime.main
	/usr/local/opt/go/libexec/src/runtime/proc.go:250
runtime.goexit
	/usr/local/opt/go/libexec/src/runtime/asm_amd64.s:1594
2023-02-06T16:36:30.235+0800	ERROR	rpc/rpc_client.go:516	Send request fail, request=ConfigPublishRequest, body={"requestId":"","group":"test-group","dataId":"test-data","tenant":"df3db74b-5a76-414e-ae13-9e0318cb74af","module":"config","content":"hello world!","casMd5":"","additionMap":{"appName":"","betaIps":"","encryptedDataKey":"","tag":"","type":""}}, retryTimes=1, error=client not connected, current status:STARTING
github.com/nacos-group/nacos-sdk-go/v2/common/remote/rpc.(*RpcClient).Request
	/Users/tianzhiwei/go/pkg/mod/github.com/nacos-group/nacos-sdk-go/v2@v2.1.3/common/remote/rpc/rpc_client.go:483
github.com/nacos-group/nacos-sdk-go/v2/clients/config_client.(*ConfigProxy).requestProxy
	/Users/tianzhiwei/go/pkg/mod/github.com/nacos-group/nacos-sdk-go/v2@v2.1.3/clients/config_client/config_proxy.go:64
github.com/nacos-group/nacos-sdk-go/v2/clients/config_client.(*ConfigClient).PublishConfig
	/Users/tianzhiwei/go/pkg/mod/github.com/nacos-group/nacos-sdk-go/v2@v2.1.3/clients/config_client/config_client.go:250
main.main
	/Users/tianzhiwei/Code/golang/learn-packages/go-nacos/main.go:43
runtime.main
	/usr/local/opt/go/libexec/src/runtime/proc.go:250
runtime.goexit
	/usr/local/opt/go/libexec/src/runtime/asm_amd64.s:1594
2023-02-06T16:36:30.335+0800	ERROR	rpc/rpc_client.go:516	Send request fail, request=ConfigPublishRequest, body={"requestId":"","group":"test-group","dataId":"test-data","tenant":"df3db74b-5a76-414e-ae13-9e0318cb74af","module":"config","content":"hello world!","casMd5":"","additionMap":{"appName":"","betaIps":"","encryptedDataKey":"","tag":"","type":""}}, retryTimes=2, error=client not connected, current status:STARTING
github.com/nacos-group/nacos-sdk-go/v2/common/remote/rpc.(*RpcClient).Request
	/Users/tianzhiwei/go/pkg/mod/github.com/nacos-group/nacos-sdk-go/v2@v2.1.3/common/remote/rpc/rpc_client.go:483
github.com/nacos-group/nacos-sdk-go/v2/clients/config_client.(*ConfigProxy).requestProxy
	/Users/tianzhiwei/go/pkg/mod/github.com/nacos-group/nacos-sdk-go/v2@v2.1.3/clients/config_client/config_proxy.go:64
github.com/nacos-group/nacos-sdk-go/v2/clients/config_client.(*ConfigClient).PublishConfig
	/Users/tianzhiwei/go/pkg/mod/github.com/nacos-group/nacos-sdk-go/v2@v2.1.3/clients/config_client/config_client.go:250
main.main
	/Users/tianzhiwei/Code/golang/learn-packages/go-nacos/main.go:43
runtime.main
	/usr/local/opt/go/libexec/src/runtime/proc.go:250
runtime.goexit
	/usr/local/opt/go/libexec/src/runtime/asm_amd64.s:1594
2023-02-06T16:36:30.435+0800	ERROR	rpc/rpc_client.go:516	Send request fail, request=ConfigPublishRequest, body={"requestId":"","group":"test-group","dataId":"test-data-2","tenant":"df3db74b-5a76-414e-ae13-9e0318cb74af","module":"config","content":"hello world!","casMd5":"","additionMap":{"appName":"","betaIps":"","encryptedDataKey":"","tag":"","type":""}}, retryTimes=0, error=client not connected, current status:STARTING
github.com/nacos-group/nacos-sdk-go/v2/common/remote/rpc.(*RpcClient).Request
	/Users/tianzhiwei/go/pkg/mod/github.com/nacos-group/nacos-sdk-go/v2@v2.1.3/common/remote/rpc/rpc_client.go:483
github.com/nacos-group/nacos-sdk-go/v2/clients/config_client.(*ConfigProxy).requestProxy
	/Users/tianzhiwei/go/pkg/mod/github.com/nacos-group/nacos-sdk-go/v2@v2.1.3/clients/config_client/config_proxy.go:64
github.com/nacos-group/nacos-sdk-go/v2/clients/config_client.(*ConfigClient).PublishConfig
	/Users/tianzhiwei/go/pkg/mod/github.com/nacos-group/nacos-sdk-go/v2@v2.1.3/clients/config_client/config_client.go:250
main.main
	/Users/tianzhiwei/Code/golang/learn-packages/go-nacos/main.go:48
runtime.main
	/usr/local/opt/go/libexec/src/runtime/proc.go:250
runtime.goexit
	/usr/local/opt/go/libexec/src/runtime/asm_amd64.s:1594
2023-02-06T16:36:30.537+0800	ERROR	rpc/rpc_client.go:516	Send request fail, request=ConfigPublishRequest, body={"requestId":"","group":"test-group","dataId":"test-data-2","tenant":"df3db74b-5a76-414e-ae13-9e0318cb74af","module":"config","content":"hello world!","casMd5":"","additionMap":{"appName":"","betaIps":"","encryptedDataKey":"","tag":"","type":""}}, retryTimes=1, error=client not connected, current status:STARTING
github.com/nacos-group/nacos-sdk-go/v2/common/remote/rpc.(*RpcClient).Request
	/Users/tianzhiwei/go/pkg/mod/github.com/nacos-group/nacos-sdk-go/v2@v2.1.3/common/remote/rpc/rpc_client.go:483
github.com/nacos-group/nacos-sdk-go/v2/clients/config_client.(*ConfigProxy).requestProxy
	/Users/tianzhiwei/go/pkg/mod/github.com/nacos-group/nacos-sdk-go/v2@v2.1.3/clients/config_client/config_proxy.go:64
github.com/nacos-group/nacos-sdk-go/v2/clients/config_client.(*ConfigClient).PublishConfig
	/Users/tianzhiwei/go/pkg/mod/github.com/nacos-group/nacos-sdk-go/v2@v2.1.3/clients/config_client/config_client.go:250
main.main
	/Users/tianzhiwei/Code/golang/learn-packages/go-nacos/main.go:48
runtime.main
	/usr/local/opt/go/libexec/src/runtime/proc.go:250
runtime.goexit
	/usr/local/opt/go/libexec/src/runtime/asm_amd64.s:1594
2023-02-06T16:36:30.638+0800	ERROR	rpc/rpc_client.go:516	Send request fail, request=ConfigPublishRequest, body={"requestId":"","group":"test-group","dataId":"test-data-2","tenant":"df3db74b-5a76-414e-ae13-9e0318cb74af","module":"config","content":"hello world!","casMd5":"","additionMap":{"appName":"","betaIps":"","encryptedDataKey":"","tag":"","type":""}}, retryTimes=2, error=client not connected, current status:STARTING
github.com/nacos-group/nacos-sdk-go/v2/common/remote/rpc.(*RpcClient).Request
	/Users/tianzhiwei/go/pkg/mod/github.com/nacos-group/nacos-sdk-go/v2@v2.1.3/common/remote/rpc/rpc_client.go:483
github.com/nacos-group/nacos-sdk-go/v2/clients/config_client.(*ConfigProxy).requestProxy
	/Users/tianzhiwei/go/pkg/mod/github.com/nacos-group/nacos-sdk-go/v2@v2.1.3/clients/config_client/config_proxy.go:64
github.com/nacos-group/nacos-sdk-go/v2/clients/config_client.(*ConfigClient).PublishConfig
	/Users/tianzhiwei/go/pkg/mod/github.com/nacos-group/nacos-sdk-go/v2@v2.1.3/clients/config_client/config_client.go:250
main.main
	/Users/tianzhiwei/Code/golang/learn-packages/go-nacos/main.go:48
runtime.main
	/usr/local/opt/go/libexec/src/runtime/proc.go:250
runtime.goexit
	/usr/local/opt/go/libexec/src/runtime/asm_amd64.s:1594
2023-02-06T16:36:31.739+0800	ERROR	rpc/rpc_client.go:516	Send request fail, request=ConfigQueryRequest, body={"requestId":"","group":"test-group","dataId":"test-data","tenant":"df3db74b-5a76-414e-ae13-9e0318cb74af","module":"config","tag":""}, retryTimes=0, error=client not connected, current status:STARTING
github.com/nacos-group/nacos-sdk-go/v2/common/remote/rpc.(*RpcClient).Request
	/Users/tianzhiwei/go/pkg/mod/github.com/nacos-group/nacos-sdk-go/v2@v2.1.3/common/remote/rpc/rpc_client.go:483
github.com/nacos-group/nacos-sdk-go/v2/clients/config_client.(*ConfigProxy).requestProxy
	/Users/tianzhiwei/go/pkg/mod/github.com/nacos-group/nacos-sdk-go/v2@v2.1.3/clients/config_client/config_proxy.go:64
github.com/nacos-group/nacos-sdk-go/v2/clients/config_client.(*ConfigProxy).queryConfig
	/Users/tianzhiwei/go/pkg/mod/github.com/nacos-group/nacos-sdk-go/v2@v2.1.3/clients/config_client/config_proxy.go:116
github.com/nacos-group/nacos-sdk-go/v2/clients/config_client.(*ConfigClient).getConfigInner
	/Users/tianzhiwei/go/pkg/mod/github.com/nacos-group/nacos-sdk-go/v2@v2.1.3/clients/config_client/config_client.go:211
github.com/nacos-group/nacos-sdk-go/v2/clients/config_client.(*ConfigClient).GetConfig
	/Users/tianzhiwei/go/pkg/mod/github.com/nacos-group/nacos-sdk-go/v2@v2.1.3/clients/config_client/config_client.go:153
main.main
	/Users/tianzhiwei/Code/golang/learn-packages/go-nacos/main.go:58
runtime.main
	/usr/local/opt/go/libexec/src/runtime/proc.go:250
runtime.goexit
	/usr/local/opt/go/libexec/src/runtime/asm_amd64.s:1594
2023-02-06T16:36:31.840+0800	ERROR	rpc/rpc_client.go:516	Send request fail, request=ConfigQueryRequest, body={"requestId":"","group":"test-group","dataId":"test-data","tenant":"df3db74b-5a76-414e-ae13-9e0318cb74af","module":"config","tag":""}, retryTimes=1, error=client not connected, current status:STARTING
github.com/nacos-group/nacos-sdk-go/v2/common/remote/rpc.(*RpcClient).Request
	/Users/tianzhiwei/go/pkg/mod/github.com/nacos-group/nacos-sdk-go/v2@v2.1.3/common/remote/rpc/rpc_client.go:483
github.com/nacos-group/nacos-sdk-go/v2/clients/config_client.(*ConfigProxy).requestProxy
	/Users/tianzhiwei/go/pkg/mod/github.com/nacos-group/nacos-sdk-go/v2@v2.1.3/clients/config_client/config_proxy.go:64
github.com/nacos-group/nacos-sdk-go/v2/clients/config_client.(*ConfigProxy).queryConfig
	/Users/tianzhiwei/go/pkg/mod/github.com/nacos-group/nacos-sdk-go/v2@v2.1.3/clients/config_client/config_proxy.go:116
github.com/nacos-group/nacos-sdk-go/v2/clients/config_client.(*ConfigClient).getConfigInner
	/Users/tianzhiwei/go/pkg/mod/github.com/nacos-group/nacos-sdk-go/v2@v2.1.3/clients/config_client/config_client.go:211
github.com/nacos-group/nacos-sdk-go/v2/clients/config_client.(*ConfigClient).GetConfig
	/Users/tianzhiwei/go/pkg/mod/github.com/nacos-group/nacos-sdk-go/v2@v2.1.3/clients/config_client/config_client.go:153
main.main
	/Users/tianzhiwei/Code/golang/learn-packages/go-nacos/main.go:58
runtime.main
	/usr/local/opt/go/libexec/src/runtime/proc.go:250
runtime.goexit
	/usr/local/opt/go/libexec/src/runtime/asm_amd64.s:1594
2023-02-06T16:36:31.941+0800	ERROR	rpc/rpc_client.go:516	Send request fail, request=ConfigQueryRequest, body={"requestId":"","group":"test-group","dataId":"test-data","tenant":"df3db74b-5a76-414e-ae13-9e0318cb74af","module":"config","tag":""}, retryTimes=2, error=client not connected, current status:STARTING
github.com/nacos-group/nacos-sdk-go/v2/common/remote/rpc.(*RpcClient).Request
	/Users/tianzhiwei/go/pkg/mod/github.com/nacos-group/nacos-sdk-go/v2@v2.1.3/common/remote/rpc/rpc_client.go:483
github.com/nacos-group/nacos-sdk-go/v2/clients/config_client.(*ConfigProxy).requestProxy
	/Users/tianzhiwei/go/pkg/mod/github.com/nacos-group/nacos-sdk-go/v2@v2.1.3/clients/config_client/config_proxy.go:64
github.com/nacos-group/nacos-sdk-go/v2/clients/config_client.(*ConfigProxy).queryConfig
	/Users/tianzhiwei/go/pkg/mod/github.com/nacos-group/nacos-sdk-go/v2@v2.1.3/clients/config_client/config_proxy.go:116
github.com/nacos-group/nacos-sdk-go/v2/clients/config_client.(*ConfigClient).getConfigInner
	/Users/tianzhiwei/go/pkg/mod/github.com/nacos-group/nacos-sdk-go/v2@v2.1.3/clients/config_client/config_client.go:211
github.com/nacos-group/nacos-sdk-go/v2/clients/config_client.(*ConfigClient).GetConfig
	/Users/tianzhiwei/go/pkg/mod/github.com/nacos-group/nacos-sdk-go/v2@v2.1.3/clients/config_client/config_client.go:153
main.main
	/Users/tianzhiwei/Code/golang/learn-packages/go-nacos/main.go:58
runtime.main
	/usr/local/opt/go/libexec/src/runtime/proc.go:250
runtime.goexit
	/usr/local/opt/go/libexec/src/runtime/asm_amd64.s:1594
2023-02-06T16:36:32.041+0800	INFO	config_client/config_client.go:214	get config from server error:client not connected, current status:STARTING
github.com/nacos-group/nacos-sdk-go/v2/common/remote/rpc.(*RpcClient).Request
	/Users/tianzhiwei/go/pkg/mod/github.com/nacos-group/nacos-sdk-go/v2@v2.1.3/common/remote/rpc/rpc_client.go:483
github.com/nacos-group/nacos-sdk-go/v2/clients/config_client.(*ConfigProxy).requestProxy
	/Users/tianzhiwei/go/pkg/mod/github.com/nacos-group/nacos-sdk-go/v2@v2.1.3/clients/config_client/config_proxy.go:64
github.com/nacos-group/nacos-sdk-go/v2/clients/config_client.(*ConfigProxy).queryConfig
	/Users/tianzhiwei/go/pkg/mod/github.com/nacos-group/nacos-sdk-go/v2@v2.1.3/clients/config_client/config_proxy.go:116
github.com/nacos-group/nacos-sdk-go/v2/clients/config_client.(*ConfigClient).getConfigInner
	/Users/tianzhiwei/go/pkg/mod/github.com/nacos-group/nacos-sdk-go/v2@v2.1.3/clients/config_client/config_client.go:211
github.com/nacos-group/nacos-sdk-go/v2/clients/config_client.(*ConfigClient).GetConfig
	/Users/tianzhiwei/go/pkg/mod/github.com/nacos-group/nacos-sdk-go/v2@v2.1.3/clients/config_client/config_client.go:153
main.main
	/Users/tianzhiwei/Code/golang/learn-packages/go-nacos/main.go:58
runtime.main
	/usr/local/opt/go/libexec/src/runtime/proc.go:250
runtime.goexit
	/usr/local/opt/go/libexec/src/runtime/asm_amd64.s:1594 
2023-02-06T16:36:32.041+0800	ERROR	config_client/config_client.go:217	get config from cache  error:failed to read config cache file:./cache/config/test-data@@test-group@@df3db74b-5a76-414e-ae13-9e0318cb74af,err:open ./cache/config/test-data@@test-group@@df3db74b-5a76-414e-ae13-9e0318cb74af: no such file or directory 
github.com/nacos-group/nacos-sdk-go/v2/clients/cache.ReadConfigFromFile
	/Users/tianzhiwei/go/pkg/mod/github.com/nacos-group/nacos-sdk-go/v2@v2.1.3/clients/cache/disk_cache.go:102
github.com/nacos-group/nacos-sdk-go/v2/clients/config_client.(*ConfigClient).getConfigInner
	/Users/tianzhiwei/go/pkg/mod/github.com/nacos-group/nacos-sdk-go/v2@v2.1.3/clients/config_client/config_client.go:215
github.com/nacos-group/nacos-sdk-go/v2/clients/config_client.(*ConfigClient).GetConfig
	/Users/tianzhiwei/go/pkg/mod/github.com/nacos-group/nacos-sdk-go/v2@v2.1.3/clients/config_client/config_client.go:153
main.main
	/Users/tianzhiwei/Code/golang/learn-packages/go-nacos/main.go:58
runtime.main
	/usr/local/opt/go/libexec/src/runtime/proc.go:250
runtime.goexit
	/usr/local/opt/go/libexec/src/runtime/asm_amd64.s:1594 
2023-02-06T16:36:33.043+0800	ERROR	rpc/rpc_client.go:516	Send request fail, request=ConfigPublishRequest, body={"requestId":"","group":"test-group","dataId":"test-data","tenant":"df3db74b-5a76-414e-ae13-9e0318cb74af","module":"config","content":"test-listen","casMd5":"","additionMap":{"appName":"","betaIps":"","encryptedDataKey":"","tag":"","type":""}}, retryTimes=0, error=client not connected, current status:STARTING
github.com/nacos-group/nacos-sdk-go/v2/common/remote/rpc.(*RpcClient).Request
	/Users/tianzhiwei/go/pkg/mod/github.com/nacos-group/nacos-sdk-go/v2@v2.1.3/common/remote/rpc/rpc_client.go:483
github.com/nacos-group/nacos-sdk-go/v2/clients/config_client.(*ConfigProxy).requestProxy
	/Users/tianzhiwei/go/pkg/mod/github.com/nacos-group/nacos-sdk-go/v2@v2.1.3/clients/config_client/config_proxy.go:64
github.com/nacos-group/nacos-sdk-go/v2/clients/config_client.(*ConfigClient).PublishConfig
	/Users/tianzhiwei/go/pkg/mod/github.com/nacos-group/nacos-sdk-go/v2@v2.1.3/clients/config_client/config_client.go:250
main.main
	/Users/tianzhiwei/Code/golang/learn-packages/go-nacos/main.go:83
runtime.main
	/usr/local/opt/go/libexec/src/runtime/proc.go:250
runtime.goexit
	/usr/local/opt/go/libexec/src/runtime/asm_amd64.s:1594
2023-02-06T16:36:33.144+0800	ERROR	rpc/rpc_client.go:516	Send request fail, request=ConfigPublishRequest, body={"requestId":"","group":"test-group","dataId":"test-data","tenant":"df3db74b-5a76-414e-ae13-9e0318cb74af","module":"config","content":"test-listen","casMd5":"","additionMap":{"appName":"","betaIps":"","encryptedDataKey":"","tag":"","type":""}}, retryTimes=1, error=client not connected, current status:STARTING
github.com/nacos-group/nacos-sdk-go/v2/common/remote/rpc.(*RpcClient).Request
	/Users/tianzhiwei/go/pkg/mod/github.com/nacos-group/nacos-sdk-go/v2@v2.1.3/common/remote/rpc/rpc_client.go:483
github.com/nacos-group/nacos-sdk-go/v2/clients/config_client.(*ConfigProxy).requestProxy
	/Users/tianzhiwei/go/pkg/mod/github.com/nacos-group/nacos-sdk-go/v2@v2.1.3/clients/config_client/config_proxy.go:64
github.com/nacos-group/nacos-sdk-go/v2/clients/config_client.(*ConfigClient).PublishConfig
	/Users/tianzhiwei/go/pkg/mod/github.com/nacos-group/nacos-sdk-go/v2@v2.1.3/clients/config_client/config_client.go:250
main.main
	/Users/tianzhiwei/Code/golang/learn-packages/go-nacos/main.go:83
runtime.main
	/usr/local/opt/go/libexec/src/runtime/proc.go:250
runtime.goexit
	/usr/local/opt/go/libexec/src/runtime/asm_amd64.s:1594
2023-02-06T16:36:33.245+0800	ERROR	rpc/rpc_client.go:516	Send request fail, request=ConfigPublishRequest, body={"requestId":"","group":"test-group","dataId":"test-data","tenant":"df3db74b-5a76-414e-ae13-9e0318cb74af","module":"config","content":"test-listen","casMd5":"","additionMap":{"appName":"","betaIps":"","encryptedDataKey":"","tag":"","type":""}}, retryTimes=2, error=client not connected, current status:STARTING
github.com/nacos-group/nacos-sdk-go/v2/common/remote/rpc.(*RpcClient).Request
	/Users/tianzhiwei/go/pkg/mod/github.com/nacos-group/nacos-sdk-go/v2@v2.1.3/common/remote/rpc/rpc_client.go:483
github.com/nacos-group/nacos-sdk-go/v2/clients/config_client.(*ConfigProxy).requestProxy
	/Users/tianzhiwei/go/pkg/mod/github.com/nacos-group/nacos-sdk-go/v2@v2.1.3/clients/config_client/config_proxy.go:64
github.com/nacos-group/nacos-sdk-go/v2/clients/config_client.(*ConfigClient).PublishConfig
	/Users/tianzhiwei/go/pkg/mod/github.com/nacos-group/nacos-sdk-go/v2@v2.1.3/clients/config_client/config_client.go:250
main.main
	/Users/tianzhiwei/Code/golang/learn-packages/go-nacos/main.go:83
runtime.main
	/usr/local/opt/go/libexec/src/runtime/proc.go:250
runtime.goexit
	/usr/local/opt/go/libexec/src/runtime/asm_amd64.s:1594
2023-02-06T16:36:34.347+0800	ERROR	rpc/rpc_client.go:516	Send request fail, request=ConfigPublishRequest, body={"requestId":"","group":"test-group","dataId":"test-data-2","tenant":"df3db74b-5a76-414e-ae13-9e0318cb74af","module":"config","content":"test-listen","casMd5":"","additionMap":{"appName":"","betaIps":"","encryptedDataKey":"","tag":"","type":""}}, retryTimes=0, error=client not connected, current status:STARTING
github.com/nacos-group/nacos-sdk-go/v2/common/remote/rpc.(*RpcClient).Request
	/Users/tianzhiwei/go/pkg/mod/github.com/nacos-group/nacos-sdk-go/v2@v2.1.3/common/remote/rpc/rpc_client.go:483
github.com/nacos-group/nacos-sdk-go/v2/clients/config_client.(*ConfigProxy).requestProxy
	/Users/tianzhiwei/go/pkg/mod/github.com/nacos-group/nacos-sdk-go/v2@v2.1.3/clients/config_client/config_proxy.go:64
github.com/nacos-group/nacos-sdk-go/v2/clients/config_client.(*ConfigClient).PublishConfig
	/Users/tianzhiwei/go/pkg/mod/github.com/nacos-group/nacos-sdk-go/v2@v2.1.3/clients/config_client/config_client.go:250
main.main
	/Users/tianzhiwei/Code/golang/learn-packages/go-nacos/main.go:91
runtime.main
	/usr/local/opt/go/libexec/src/runtime/proc.go:250
runtime.goexit
	/usr/local/opt/go/libexec/src/runtime/asm_amd64.s:1594
2023-02-06T16:36:34.448+0800	ERROR	rpc/rpc_client.go:516	Send request fail, request=ConfigPublishRequest, body={"requestId":"","group":"test-group","dataId":"test-data-2","tenant":"df3db74b-5a76-414e-ae13-9e0318cb74af","module":"config","content":"test-listen","casMd5":"","additionMap":{"appName":"","betaIps":"","encryptedDataKey":"","tag":"","type":""}}, retryTimes=1, error=client not connected, current status:STARTING
github.com/nacos-group/nacos-sdk-go/v2/common/remote/rpc.(*RpcClient).Request
	/Users/tianzhiwei/go/pkg/mod/github.com/nacos-group/nacos-sdk-go/v2@v2.1.3/common/remote/rpc/rpc_client.go:483
github.com/nacos-group/nacos-sdk-go/v2/clients/config_client.(*ConfigProxy).requestProxy
	/Users/tianzhiwei/go/pkg/mod/github.com/nacos-group/nacos-sdk-go/v2@v2.1.3/clients/config_client/config_proxy.go:64
github.com/nacos-group/nacos-sdk-go/v2/clients/config_client.(*ConfigClient).PublishConfig
	/Users/tianzhiwei/go/pkg/mod/github.com/nacos-group/nacos-sdk-go/v2@v2.1.3/clients/config_client/config_client.go:250
main.main
	/Users/tianzhiwei/Code/golang/learn-packages/go-nacos/main.go:91
runtime.main
	/usr/local/opt/go/libexec/src/runtime/proc.go:250
runtime.goexit
	/usr/local/opt/go/libexec/src/runtime/asm_amd64.s:1594
2023-02-06T16:36:34.550+0800	ERROR	rpc/rpc_client.go:516	Send request fail, request=ConfigPublishRequest, body={"requestId":"","group":"test-group","dataId":"test-data-2","tenant":"df3db74b-5a76-414e-ae13-9e0318cb74af","module":"config","content":"test-listen","casMd5":"","additionMap":{"appName":"","betaIps":"","encryptedDataKey":"","tag":"","type":""}}, retryTimes=2, error=client not connected, current status:STARTING
github.com/nacos-group/nacos-sdk-go/v2/common/remote/rpc.(*RpcClient).Request
	/Users/tianzhiwei/go/pkg/mod/github.com/nacos-group/nacos-sdk-go/v2@v2.1.3/common/remote/rpc/rpc_client.go:483
github.com/nacos-group/nacos-sdk-go/v2/clients/config_client.(*ConfigProxy).requestProxy
	/Users/tianzhiwei/go/pkg/mod/github.com/nacos-group/nacos-sdk-go/v2@v2.1.3/clients/config_client/config_proxy.go:64
github.com/nacos-group/nacos-sdk-go/v2/clients/config_client.(*ConfigClient).PublishConfig
	/Users/tianzhiwei/go/pkg/mod/github.com/nacos-group/nacos-sdk-go/v2@v2.1.3/clients/config_client/config_client.go:250
main.main
	/Users/tianzhiwei/Code/golang/learn-packages/go-nacos/main.go:91
runtime.main
	/usr/local/opt/go/libexec/src/runtime/proc.go:250
runtime.goexit
	/usr/local/opt/go/libexec/src/runtime/asm_amd64.s:1594
2023-02-06T16:36:36.131+0800	ERROR	rpc/rpc_client.go:516	Send request fail, request=ConfigBatchListenRequest, body={"requestId":"","group":"","dataId":"","tenant":"","module":"config","listen":true,"configListenContexts":[{"group":"test-group","md5":"","dataId":"test-data","tenant":"df3db74b-5a76-414e-ae13-9e0318cb74af"},{"group":"test-group","md5":"","dataId":"test-data-2","tenant":"df3db74b-5a76-414e-ae13-9e0318cb74af"}]}, retryTimes=0, error=client not connected, current status:STARTING
github.com/nacos-group/nacos-sdk-go/v2/common/remote/rpc.(*RpcClient).Request
	/Users/tianzhiwei/go/pkg/mod/github.com/nacos-group/nacos-sdk-go/v2@v2.1.3/common/remote/rpc/rpc_client.go:483
github.com/nacos-group/nacos-sdk-go/v2/clients/config_client.(*ConfigProxy).requestProxy
	/Users/tianzhiwei/go/pkg/mod/github.com/nacos-group/nacos-sdk-go/v2@v2.1.3/clients/config_client/config_proxy.go:64
github.com/nacos-group/nacos-sdk-go/v2/clients/config_client.(*ConfigClient).executeConfigListen
	/Users/tianzhiwei/go/pkg/mod/github.com/nacos-group/nacos-sdk-go/v2@v2.1.3/clients/config_client/config_client.go:421
github.com/nacos-group/nacos-sdk-go/v2/clients/config_client.(*ConfigClient).startInternal.func1
	/Users/tianzhiwei/go/pkg/mod/github.com/nacos-group/nacos-sdk-go/v2@v2.1.3/clients/config_client/config_client.go:385
runtime.goexit
	/usr/local/opt/go/libexec/src/runtime/asm_amd64.s:1594
2023-02-06T16:36:36.135+0800	WARN	rpc/rpc_client.go:349	config-0-a2b9bf3e-d30e-44ca-9dea-0e433443f500 fail to connect server, after trying 1 times, last try server is {serverIp:confcenter-lab.eeo-inc.com serverPort:443 serverGrpcPort:0}, error=rpc error: code = DeadlineExceeded desc = context deadline exceeded
2023-02-06T16:36:36.231+0800	ERROR	rpc/rpc_client.go:516	Send request fail, request=ConfigBatchListenRequest, body={"requestId":"","group":"","dataId":"","tenant":"","module":"config","listen":true,"configListenContexts":[{"group":"test-group","md5":"","dataId":"test-data","tenant":"df3db74b-5a76-414e-ae13-9e0318cb74af"},{"group":"test-group","md5":"","dataId":"test-data-2","tenant":"df3db74b-5a76-414e-ae13-9e0318cb74af"}]}, retryTimes=1, error=client not connected, current status:STARTING
github.com/nacos-group/nacos-sdk-go/v2/common/remote/rpc.(*RpcClient).Request
	/Users/tianzhiwei/go/pkg/mod/github.com/nacos-group/nacos-sdk-go/v2@v2.1.3/common/remote/rpc/rpc_client.go:483
github.com/nacos-group/nacos-sdk-go/v2/clients/config_client.(*ConfigProxy).requestProxy
	/Users/tianzhiwei/go/pkg/mod/github.com/nacos-group/nacos-sdk-go/v2@v2.1.3/clients/config_client/config_proxy.go:64
github.com/nacos-group/nacos-sdk-go/v2/clients/config_client.(*ConfigClient).executeConfigListen
	/Users/tianzhiwei/go/pkg/mod/github.com/nacos-group/nacos-sdk-go/v2@v2.1.3/clients/config_client/config_client.go:421
github.com/nacos-group/nacos-sdk-go/v2/clients/config_client.(*ConfigClient).startInternal.func1
	/Users/tianzhiwei/go/pkg/mod/github.com/nacos-group/nacos-sdk-go/v2@v2.1.3/clients/config_client/config_client.go:385
runtime.goexit
	/usr/local/opt/go/libexec/src/runtime/asm_amd64.s:1594
2023-02-06T16:36:36.332+0800	ERROR	rpc/rpc_client.go:516	Send request fail, request=ConfigBatchListenRequest, body={"requestId":"","group":"","dataId":"","tenant":"","module":"config","listen":true,"configListenContexts":[{"group":"test-group","md5":"","dataId":"test-data","tenant":"df3db74b-5a76-414e-ae13-9e0318cb74af"},{"group":"test-group","md5":"","dataId":"test-data-2","tenant":"df3db74b-5a76-414e-ae13-9e0318cb74af"}]}, retryTimes=2, error=client not connected, current status:STARTING
github.com/nacos-group/nacos-sdk-go/v2/common/remote/rpc.(*RpcClient).Request
	/Users/tianzhiwei/go/pkg/mod/github.com/nacos-group/nacos-sdk-go/v2@v2.1.3/common/remote/rpc/rpc_client.go:483
github.com/nacos-group/nacos-sdk-go/v2/clients/config_client.(*ConfigProxy).requestProxy
	/Users/tianzhiwei/go/pkg/mod/github.com/nacos-group/nacos-sdk-go/v2@v2.1.3/clients/config_client/config_proxy.go:64
github.com/nacos-group/nacos-sdk-go/v2/clients/config_client.(*ConfigClient).executeConfigListen
	/Users/tianzhiwei/go/pkg/mod/github.com/nacos-group/nacos-sdk-go/v2@v2.1.3/clients/config_client/config_client.go:421
github.com/nacos-group/nacos-sdk-go/v2/clients/config_client.(*ConfigClient).startInternal.func1
	/Users/tianzhiwei/go/pkg/mod/github.com/nacos-group/nacos-sdk-go/v2@v2.1.3/clients/config_client/config_client.go:385
runtime.goexit
	/usr/local/opt/go/libexec/src/runtime/asm_amd64.s:1594
2023-02-06T16:36:36.434+0800	WARN	config_client/config_client.go:423	ConfigBatchListenRequest failure,err:client not connected, current status:STARTING
github.com/nacos-group/nacos-sdk-go/v2/common/remote/rpc.(*RpcClient).Request
	/Users/tianzhiwei/go/pkg/mod/github.com/nacos-group/nacos-sdk-go/v2@v2.1.3/common/remote/rpc/rpc_client.go:483
github.com/nacos-group/nacos-sdk-go/v2/clients/config_client.(*ConfigProxy).requestProxy
	/Users/tianzhiwei/go/pkg/mod/github.com/nacos-group/nacos-sdk-go/v2@v2.1.3/clients/config_client/config_proxy.go:64
github.com/nacos-group/nacos-sdk-go/v2/clients/config_client.(*ConfigClient).executeConfigListen
	/Users/tianzhiwei/go/pkg/mod/github.com/nacos-group/nacos-sdk-go/v2@v2.1.3/clients/config_client/config_client.go:421
github.com/nacos-group/nacos-sdk-go/v2/clients/config_client.(*ConfigClient).startInternal.func1
	/Users/tianzhiwei/go/pkg/mod/github.com/nacos-group/nacos-sdk-go/v2@v2.1.3/clients/config_client/config_client.go:385
runtime.goexit
	/usr/local/opt/go/libexec/src/runtime/asm_amd64.s:1594
2023-02-06T16:36:36.651+0800	INFO	config_client/config_client.go:285	Cancel listen config DataId:test-data Group:test-group
2023-02-06T16:36:37.652+0800	ERROR	rpc/rpc_client.go:516	Send request fail, request=ConfigRemoveRequest, body={"requestId":"","group":"test-group","dataId":"test-data","tenant":"df3db74b-5a76-414e-ae13-9e0318cb74af","module":"config"}, retryTimes=0, error=client not connected, current status:STARTING
github.com/nacos-group/nacos-sdk-go/v2/common/remote/rpc.(*RpcClient).Request
	/Users/tianzhiwei/go/pkg/mod/github.com/nacos-group/nacos-sdk-go/v2@v2.1.3/common/remote/rpc/rpc_client.go:483
github.com/nacos-group/nacos-sdk-go/v2/clients/config_client.(*ConfigProxy).requestProxy
	/Users/tianzhiwei/go/pkg/mod/github.com/nacos-group/nacos-sdk-go/v2@v2.1.3/clients/config_client/config_proxy.go:64
github.com/nacos-group/nacos-sdk-go/v2/clients/config_client.(*ConfigClient).DeleteConfig
	/Users/tianzhiwei/go/pkg/mod/github.com/nacos-group/nacos-sdk-go/v2@v2.1.3/clients/config_client/config_client.go:270
main.main
	/Users/tianzhiwei/Code/golang/learn-packages/go-nacos/main.go:106
runtime.main
	/usr/local/opt/go/libexec/src/runtime/proc.go:250
runtime.goexit
	/usr/local/opt/go/libexec/src/runtime/asm_amd64.s:1594
2023-02-06T16:36:37.753+0800	ERROR	rpc/rpc_client.go:516	Send request fail, request=ConfigRemoveRequest, body={"requestId":"","group":"test-group","dataId":"test-data","tenant":"df3db74b-5a76-414e-ae13-9e0318cb74af","module":"config"}, retryTimes=1, error=client not connected, current status:STARTING
github.com/nacos-group/nacos-sdk-go/v2/common/remote/rpc.(*RpcClient).Request
	/Users/tianzhiwei/go/pkg/mod/github.com/nacos-group/nacos-sdk-go/v2@v2.1.3/common/remote/rpc/rpc_client.go:483
github.com/nacos-group/nacos-sdk-go/v2/clients/config_client.(*ConfigProxy).requestProxy
	/Users/tianzhiwei/go/pkg/mod/github.com/nacos-group/nacos-sdk-go/v2@v2.1.3/clients/config_client/config_proxy.go:64
github.com/nacos-group/nacos-sdk-go/v2/clients/config_client.(*ConfigClient).DeleteConfig
	/Users/tianzhiwei/go/pkg/mod/github.com/nacos-group/nacos-sdk-go/v2@v2.1.3/clients/config_client/config_client.go:270
main.main
	/Users/tianzhiwei/Code/golang/learn-packages/go-nacos/main.go:106
runtime.main
	/usr/local/opt/go/libexec/src/runtime/proc.go:250
runtime.goexit
	/usr/local/opt/go/libexec/src/runtime/asm_amd64.s:1594
2023-02-06T16:36:37.853+0800	ERROR	rpc/rpc_client.go:516	Send request fail, request=ConfigRemoveRequest, body={"requestId":"","group":"test-group","dataId":"test-data","tenant":"df3db74b-5a76-414e-ae13-9e0318cb74af","module":"config"}, retryTimes=2, error=client not connected, current status:STARTING
github.com/nacos-group/nacos-sdk-go/v2/common/remote/rpc.(*RpcClient).Request
	/Users/tianzhiwei/go/pkg/mod/github.com/nacos-group/nacos-sdk-go/v2@v2.1.3/common/remote/rpc/rpc_client.go:483
github.com/nacos-group/nacos-sdk-go/v2/clients/config_client.(*ConfigProxy).requestProxy
	/Users/tianzhiwei/go/pkg/mod/github.com/nacos-group/nacos-sdk-go/v2@v2.1.3/clients/config_client/config_proxy.go:64
github.com/nacos-group/nacos-sdk-go/v2/clients/config_client.(*ConfigClient).DeleteConfig
	/Users/tianzhiwei/go/pkg/mod/github.com/nacos-group/nacos-sdk-go/v2@v2.1.3/clients/config_client/config_client.go:270
main.main
	/Users/tianzhiwei/Code/golang/learn-packages/go-nacos/main.go:106
runtime.main
	/usr/local/opt/go/libexec/src/runtime/proc.go:250
runtime.goexit
	/usr/local/opt/go/libexec/src/runtime/asm_amd64.s:1594
2023-02-06T16:36:38.960+0800	ERROR	nacos_server/nacos_server.go:212	api</v1/cs/configs>,method:<GET>, params:<{"dataId":"","group":"","pageNo":"1","pageSize":"10","search":"blur","tenant":"df3db74b-5a76-414e-ae13-9e0318cb74af"}>, call domain error:<[400] <!DOCTYPE HTML PUBLIC "-//IETF//DTD HTML 2.0//EN">
<html>
<head><title>400 The plain HTTP request was sent to HTTPS port</title></head>
<body>
<center><h1>400 Bad Request</h1></center>
<center>The plain HTTP request was sent to HTTPS port</center>
 Sorry for the inconvenience.<br/>
Please report this message and include the following information to us.<br/>
Thank you very much!</p>
<table>
<tr>
<td>URL:</td>
<td>http://confcenter-lab.eeo-inc.com/nacos/v1/cs/configs?search=blur&amp;pageNo=1&amp;pageSize=10&amp;tenant=df3db74b-5a76-414e-ae13-9e0318cb74af&amp;group=&amp;dataId=</td>
</tr>
<tr>
<td>Server:</td>
<td>orp1</td>
</tr>
<tr>
<td>Date:</td>
<td>2023/02/06 16:36:39</td>
</tr>
</table>
<hr/>Powered by ClassIn-Web<hr><center>ClassIn-Web</center>
</body>
</html>
> , result:<<!DOCTYPE HTML PUBLIC "-//IETF//DTD HTML 2.0//EN">
<html>
<head><title>400 The plain HTTP request was sent to HTTPS port</title></head>
<body>
<center><h1>400 Bad Request</h1></center>
<center>The plain HTTP request was sent to HTTPS port</center>
 Sorry for the inconvenience.<br/>
Please report this message and include the following information to us.<br/>
Thank you very much!</p>
<table>
<tr>
<td>URL:</td>
<td>http://confcenter-lab.eeo-inc.com/nacos/v1/cs/configs?search=blur&amp;pageNo=1&amp;pageSize=10&amp;tenant=df3db74b-5a76-414e-ae13-9e0318cb74af&amp;group=&amp;dataId=</td>
</tr>
<tr>
<td>Server:</td>
<td>orp1</td>
</tr>
<tr>
<td>Date:</td>
<td>2023/02/06 16:36:39</td>
</tr>
</table>
<hr/>Powered by ClassIn-Web<hr><center>ClassIn-Web</center>
</body>
</html>
>
2023-02-06T16:36:38.964+0800	ERROR	nacos_server/nacos_server.go:212	api</v1/cs/configs>,method:<GET>, params:<{"dataId":"","group":"","pageNo":"1","pageSize":"10","search":"blur","tenant":"df3db74b-5a76-414e-ae13-9e0318cb74af"}>, call domain error:<[400] <!DOCTYPE HTML PUBLIC "-//IETF//DTD HTML 2.0//EN">
<html>
<head><title>400 The plain HTTP request was sent to HTTPS port</title></head>
<body>
<center><h1>400 Bad Request</h1></center>
<center>The plain HTTP request was sent to HTTPS port</center>
 Sorry for the inconvenience.<br/>
Please report this message and include the following information to us.<br/>
Thank you very much!</p>
<table>
<tr>
<td>URL:</td>
<td>http://confcenter-lab.eeo-inc.com/nacos/v1/cs/configs?search=blur&amp;pageNo=1&amp;pageSize=10&amp;tenant=df3db74b-5a76-414e-ae13-9e0318cb74af&amp;group=&amp;dataId=</td>
</tr>
<tr>
<td>Server:</td>
<td>orp1</td>
</tr>
<tr>
<td>Date:</td>
<td>2023/02/06 16:36:39</td>
</tr>
</table>
<hr/>Powered by ClassIn-Web<hr><center>ClassIn-Web</center>
</body>
</html>
> , result:<<!DOCTYPE HTML PUBLIC "-//IETF//DTD HTML 2.0//EN">
<html>
<head><title>400 The plain HTTP request was sent to HTTPS port</title></head>
<body>
<center><h1>400 Bad Request</h1></center>
<center>The plain HTTP request was sent to HTTPS port</center>
 Sorry for the inconvenience.<br/>
Please report this message and include the following information to us.<br/>
Thank you very much!</p>
<table>
<tr>
<td>URL:</td>
<td>http://confcenter-lab.eeo-inc.com/nacos/v1/cs/configs?search=blur&amp;pageNo=1&amp;pageSize=10&amp;tenant=df3db74b-5a76-414e-ae13-9e0318cb74af&amp;group=&amp;dataId=</td>
</tr>
<tr>
<td>Server:</td>
<td>orp1</td>
</tr>
<tr>
<td>Date:</td>
<td>2023/02/06 16:36:39</td>
</tr>
</table>
<hr/>Powered by ClassIn-Web<hr><center>ClassIn-Web</center>
</body>
</html>
>
2023-02-06T16:36:38.967+0800	ERROR	nacos_server/nacos_server.go:212	api</v1/cs/configs>,method:<GET>, params:<{"dataId":"","group":"","pageNo":"1","pageSize":"10","search":"blur","tenant":"df3db74b-5a76-414e-ae13-9e0318cb74af"}>, call domain error:<[400] <!DOCTYPE HTML PUBLIC "-//IETF//DTD HTML 2.0//EN">
<html>
<head><title>400 The plain HTTP request was sent to HTTPS port</title></head>
<body>
<center><h1>400 Bad Request</h1></center>
<center>The plain HTTP request was sent to HTTPS port</center>
 Sorry for the inconvenience.<br/>
Please report this message and include the following information to us.<br/>
Thank you very much!</p>
<table>
<tr>
<td>URL:</td>
<td>http://confcenter-lab.eeo-inc.com/nacos/v1/cs/configs?group=&amp;dataId=&amp;search=blur&amp;pageNo=1&amp;pageSize=10&amp;tenant=df3db74b-5a76-414e-ae13-9e0318cb74af</td>
</tr>
<tr>
<td>Server:</td>
<td>orp1</td>
</tr>
<tr>
<td>Date:</td>
<td>2023/02/06 16:36:39</td>
</tr>
</table>
<hr/>Powered by ClassIn-Web<hr><center>ClassIn-Web</center>
</body>
</html>
> , result:<<!DOCTYPE HTML PUBLIC "-//IETF//DTD HTML 2.0//EN">
<html>
<head><title>400 The plain HTTP request was sent to HTTPS port</title></head>
<body>
<center><h1>400 Bad Request</h1></center>
<center>The plain HTTP request was sent to HTTPS port</center>
 Sorry for the inconvenience.<br/>
Please report this message and include the following information to us.<br/>
Thank you very much!</p>
<table>
<tr>
<td>URL:</td>
<td>http://confcenter-lab.eeo-inc.com/nacos/v1/cs/configs?group=&amp;dataId=&amp;search=blur&amp;pageNo=1&amp;pageSize=10&amp;tenant=df3db74b-5a76-414e-ae13-9e0318cb74af</td>
</tr>
<tr>
<td>Server:</td>
<td>orp1</td>
</tr>
<tr>
<td>Date:</td>
<td>2023/02/06 16:36:39</td>
</tr>
</table>
<hr/>Powered by ClassIn-Web<hr><center>ClassIn-Web</center>
</body>
</html>
>
2023-02-06T16:36:38.967+0800	ERROR	config_client/config_client.go:361	search config from server error:[400] <!DOCTYPE HTML PUBLIC "-//IETF//DTD HTML 2.0//EN">
<html>
<head><title>400 The plain HTTP request was sent to HTTPS port</title></head>
<body>
<center><h1>400 Bad Request</h1></center>
<center>The plain HTTP request was sent to HTTPS port</center>
 Sorry for the inconvenience.<br/>
Please report this message and include the following information to us.<br/>
Thank you very much!</p>
<table>
<tr>
<td>URL:</td>
<td>http://confcenter-lab.eeo-inc.com/nacos/v1/cs/configs?group=&amp;dataId=&amp;search=blur&amp;pageNo=1&amp;pageSize=10&amp;tenant=df3db74b-5a76-414e-ae13-9e0318cb74af</td>
</tr>
<tr>
<td>Server:</td>
<td>orp1</td>
</tr>
<tr>
<td>Date:</td>
<td>2023/02/06 16:36:39</td>
</tr>
</table>
<hr/>Powered by ClassIn-Web<hr><center>ClassIn-Web</center>
</body>
</html>

retry 3 times request failed!
github.com/nacos-group/nacos-sdk-go/v2/common/nacos_server.(*NacosServer).ReqConfigApi
	/Users/tianzhiwei/go/pkg/mod/github.com/nacos-group/nacos-sdk-go/v2@v2.1.3/common/nacos_server/nacos_server.go:226
github.com/nacos-group/nacos-sdk-go/v2/clients/config_client.(*ConfigProxy).searchConfigProxy
	/Users/tianzhiwei/go/pkg/mod/github.com/nacos-group/nacos-sdk-go/v2@v2.1.3/clients/config_client/config_proxy.go:92
github.com/nacos-group/nacos-sdk-go/v2/clients/config_client.(*ConfigClient).searchConfigInner
	/Users/tianzhiwei/go/pkg/mod/github.com/nacos-group/nacos-sdk-go/v2@v2.1.3/clients/config_client/config_client.go:359
github.com/nacos-group/nacos-sdk-go/v2/clients/config_client.(*ConfigClient).SearchConfig
	/Users/tianzhiwei/go/pkg/mod/github.com/nacos-group/nacos-sdk-go/v2@v2.1.3/clients/config_client/config_client.go:340
main.main
	/Users/tianzhiwei/Code/golang/learn-packages/go-nacos/main.go:112
runtime.main
	/usr/local/opt/go/libexec/src/runtime/proc.go:250
runtime.goexit
	/usr/local/opt/go/libexec/src/runtime/asm_amd64.s:1594 
2023-02-12T21:33:44.162+0800	DEBUG	rpc/rpc_client.go:286	config-0-18b1a430-1a7e-44fd-bc36-8e27e1d763a6 register server push request:ConfigChangeNotifyRequest handler:ConfigChangeNotifyRequestHandler
2023-02-12T21:33:44.163+0800	DEBUG	rpc/rpc_client.go:286	config-0-18b1a430-1a7e-44fd-bc36-8e27e1d763a6 register server push request:ConnectResetRequest handler:ConnectResetRequestHandler
2023-02-12T21:33:44.163+0800	DEBUG	rpc/rpc_client.go:286	config-0-18b1a430-1a7e-44fd-bc36-8e27e1d763a6 register server push request:ClientDetectionRequest handler:ClientDetectionRequestHandler
2023-02-12T21:33:44.163+0800	INFO	rpc/rpc_client.go:224	[RpcClient.Start] config-0-18b1a430-1a7e-44fd-bc36-8e27e1d763a6 try to connect to server on start up, server: {serverIp:nacos.vm.cc serverPort:8848 serverGrpcPort:9848}
2023-02-12T21:33:44.164+0800	INFO	util/common.go:96	Local IP:10.254.254.104
2023-02-12T21:33:44.291+0800	INFO	rpc/rpc_client.go:234	config-0-18b1a430-1a7e-44fd-bc36-8e27e1d763a6 success to connect to server {serverIp:nacos.vm.cc serverPort:8848 serverGrpcPort:9848} on start up, connectionId=1676208824168_192.168.22.1_53029
2023-02-12T21:33:49.409+0800	INFO	config_client/config_client.go:285	Cancel listen config DataId:test-data Group:test-group
2023-02-12T21:33:50.504+0800	INFO	config_client/config_proxy.go:190	config-0-18b1a430-1a7e-44fd-bc36-8e27e1d763a6 [server-push] config changed. dataId=test-data, group=test-group,tenant=8b4289cf-5e8a-4dcb-b51a-a541f9d0f287
2023-02-12T21:33:50.504+0800	WARN	rpc/grpc_client.go:262	1676208824168_192.168.22.1_53029 Fail to process server request, ackId->1
